<?xml version="1.0" encoding="UTF-8"?>
<!-- Generated by org.testng.reporters.JUnitXMLReporter -->
<testsuite hostname="az" ignored="1" name="Test" tests="2" failures="0" timestamp="18 Nov 2018 03:36:26 GMT" time="10.962" errors="0">
  <testcase name="testGoogle" time="1.459" classname="tests.Test1"/>
  <testcase name="test123" time="0.062" classname="tests.TestProperties"/>
  <testcase name="test123" time="0.0" classname="tests.Test2">
    <ignored/>
  </testcase> <!-- test123 -->
</testsuite> <!-- Test -->
